{"/Users/sylvain/Projects/CodinGame/courses/redux-with-react/examples/counter/src/index.js": {"path":"/Users/sylvain/Projects/CodinGame/courses/redux-with-react/examples/counter/src/index.js","statementMap":{"0":{"start":{"line":1,"column":32},"end":{"line":1,"column":122}},"1":{"start":{"line":1,"column":136},"end":{"line":1,"column":152}},"2":{"start":{"line":1,"column":167},"end":{"line":1,"column":197}},"3":{"start":{"line":2,"column":16},"end":{"line":2,"column":36}},"4":{"start":{"line":2,"column":54},"end":{"line":2,"column":87}},"5":{"start":{"line":3,"column":13},"end":{"line":3,"column":29}},"6":{"start":{"line":4,"column":15},"end":{"line":4,"column":46}},"7":{"start":{"line":4,"column":63},"end":{"line":4,"column":95}},"8":{"start":{"line":5,"column":16},"end":{"line":5,"column":37}},"9":{"start":{"line":5,"column":55},"end":{"line":5,"column":88}},"10":{"start":{"line":5,"column":127},"end":{"line":5,"column":181}},"11":{"start":{"line":7,"column":14},"end":{"line":7,"column":57}},"12":{"start":{"line":8,"column":15},"end":{"line":8,"column":46}},"13":{"start":{"line":10,"column":15},"end":{"line":16,"column":7}},"14":{"start":{"line":10,"column":21},"end":{"line":16,"column":7}},"15":{"start":{"line":13,"column":21},"end":{"line":13,"column":58}},"16":{"start":{"line":14,"column":21},"end":{"line":14,"column":58}},"17":{"start":{"line":19,"column":0},"end":{"line":19,"column":9}},"18":{"start":{"line":20,"column":0},"end":{"line":20,"column":24}},"19":{"start":{"line":22,"column":12},"end":{"line":22,"column":67}},"20":{"start":{"line":22,"column":18},"end":{"line":22,"column":67}},"21":{"start":{"line":23,"column":0},"end":{"line":23,"column":6}},"22":{"start":{"line":24,"column":0},"end":{"line":24,"column":21}}},"fnMap":{"0":{"name":"_interopRequireDefault","decl":{"start":{"line":5,"column":98},"end":{"line":5,"column":120}},"loc":{"start":{"line":5,"column":126},"end":{"line":5,"column":182}},"line":5},"1":{"name":"(anonymous_1)","decl":{"start":{"line":10,"column":15},"end":{"line":10,"column":16}},"loc":{"start":{"line":10,"column":21},"end":{"line":16,"column":7}},"line":10},"2":{"name":"(anonymous_2)","decl":{"start":{"line":13,"column":15},"end":{"line":13,"column":16}},"loc":{"start":{"line":13,"column":21},"end":{"line":13,"column":58}},"line":13},"3":{"name":"(anonymous_3)","decl":{"start":{"line":14,"column":15},"end":{"line":14,"column":16}},"loc":{"start":{"line":14,"column":21},"end":{"line":14,"column":58}},"line":14},"4":{"name":"(anonymous_4)","decl":{"start":{"line":22,"column":12},"end":{"line":22,"column":13}},"loc":{"start":{"line":22,"column":18},"end":{"line":22,"column":67}},"line":22}},"branchMap":{"0":{"loc":{"start":{"line":5,"column":134},"end":{"line":5,"column":180}},"type":"cond-expr","locations":[{"start":{"line":5,"column":158},"end":{"line":5,"column":161}},{"start":{"line":5,"column":164},"end":{"line":5,"column":180}}],"line":5},"1":{"loc":{"start":{"line":5,"column":134},"end":{"line":5,"column":155}},"type":"binary-expr","locations":[{"start":{"line":5,"column":134},"end":{"line":5,"column":137}},{"start":{"line":5,"column":141},"end":{"line":5,"column":155}}],"line":5}},"s":{"0":0,"1":0,"2":0,"3":0,"4":0,"5":0,"6":0,"7":0,"8":0,"9":0,"10":0,"11":0,"12":0,"13":0,"14":0,"15":0,"16":0,"17":0,"18":0,"19":0,"20":0,"21":0,"22":0},"f":{"0":0,"1":0,"2":0,"3":0,"4":0},"b":{"0":[0,0],"1":[0,0]}}
,"/Users/sylvain/Projects/CodinGame/courses/redux-with-react/examples/counter/src/components/Counter.js": {"path":"/Users/sylvain/Projects/CodinGame/courses/redux-with-react/examples/counter/src/components/Counter.js","statementMap":{"0":{"start":{"line":1,"column":13},"end":{"line":1,"column":75}},"1":{"start":{"line":1,"column":94},"end":{"line":1,"column":197}},"2":{"start":{"line":1,"column":211},"end":{"line":1,"column":227}},"3":{"start":{"line":1,"column":242},"end":{"line":1,"column":272}},"4":{"start":{"line":2,"column":17},"end":{"line":2,"column":38}},"5":{"start":{"line":2,"column":57},"end":{"line":2,"column":91}},"6":{"start":{"line":2,"column":130},"end":{"line":2,"column":184}},"7":{"start":{"line":4,"column":16},"end":{"line":12,"column":146}},"8":{"start":{"line":5,"column":0},"end":{"line":12,"column":146}},"9":{"start":{"line":18,"column":0},"end":{"line":21,"column":53}},"10":{"start":{"line":21,"column":53},"end":{"line":24,"column":8}}},"fnMap":{"0":{"name":"_interopRequireDefault","decl":{"start":{"line":2,"column":101},"end":{"line":2,"column":123}},"loc":{"start":{"line":2,"column":129},"end":{"line":2,"column":185}},"line":2},"1":{"name":"(anonymous_1)","decl":{"start":{"line":4,"column":16},"end":{"line":4,"column":17}},"loc":{"start":{"line":5,"column":0},"end":{"line":12,"column":146}},"line":5}},"branchMap":{"0":{"loc":{"start":{"line":2,"column":137},"end":{"line":2,"column":183}},"type":"cond-expr","locations":[{"start":{"line":2,"column":161},"end":{"line":2,"column":164}},{"start":{"line":2,"column":167},"end":{"line":2,"column":183}}],"line":2},"1":{"loc":{"start":{"line":2,"column":137},"end":{"line":2,"column":158}},"type":"binary-expr","locations":[{"start":{"line":2,"column":137},"end":{"line":2,"column":140}},{"start":{"line":2,"column":144},"end":{"line":2,"column":158}}],"line":2}},"s":{"0":0,"1":0,"2":0,"3":0,"4":0,"5":0,"6":0,"7":0,"8":0,"9":0,"10":0},"f":{"0":0,"1":0},"b":{"0":[0,0],"1":[0,0]}}
,"/Users/sylvain/Projects/CodinGame/courses/redux-with-react/examples/counter/src/reducers/index.js": {"path":"/Users/sylvain/Projects/CodinGame/courses/redux-with-react/examples/counter/src/reducers/index.js","statementMap":{"0":{"start":{"line":2,"column":2},"end":{"line":9,"column":3}},"1":{"start":{"line":4,"column":6},"end":{"line":4,"column":22}},"2":{"start":{"line":6,"column":6},"end":{"line":6,"column":22}},"3":{"start":{"line":8,"column":6},"end":{"line":8,"column":18}}},"fnMap":{"0":{"name":"(anonymous_0)","decl":{"start":{"line":1,"column":15},"end":{"line":1,"column":16}},"loc":{"start":{"line":1,"column":38},"end":{"line":10,"column":1}},"line":1}},"branchMap":{"0":{"loc":{"start":{"line":1,"column":16},"end":{"line":1,"column":25}},"type":"default-arg","locations":[{"start":{"line":1,"column":24},"end":{"line":1,"column":25}}],"line":1},"1":{"loc":{"start":{"line":2,"column":2},"end":{"line":9,"column":3}},"type":"switch","locations":[{"start":{"line":3,"column":4},"end":{"line":4,"column":22}},{"start":{"line":5,"column":4},"end":{"line":6,"column":22}},{"start":{"line":7,"column":4},"end":{"line":8,"column":18}}],"line":2}},"s":{"0":4,"1":1,"2":1,"3":2},"f":{"0":4},"b":{"0":[1],"1":[1,1,2]},"_coverageSchema":"332fd63041d2c1bcb487cc26dd0d5f7d97098a6c","hash":"62f50400aeda1d5ea7f55673c32206a7ce9a5c34"}
}
